<?xml version="1.0"?>
<testsuites>
  <testsuite name="IE 11.0.0 (Windows 10 0.0.0)" package="" timestamp="2015-11-20T21:23:29" id="0" hostname="homer-win" tests="13" errors="0" failures="0" time="0.146">
    <properties>
      <property name="browser.fullName" value="Mozilla/5.0 (Windows NT 10.0; WOW64; Trident/7.0; .NET4.0C; .NET4.0E; .NET CLR 2.0.50727; .NET CLR 3.0.30729; .NET CLR 3.5.30729; InfoPath.3; rv:11.0) like Gecko"/>
    </properties>
    <testcase name="strips duplicate attributes" time="0.019" classname="IE 11.0.0 (Windows 10 0.0.0).xslt"/>
    <testcase name="handles different quoting styles" time="0.014" classname="IE 11.0.0 (Windows 10 0.0.0).xslt"/>
    <testcase name="should be applied to attributes" time="0.023" classname="IE 11.0.0 (Windows 10 0.0.0).namespaces"/>
    <testcase name="removes redundant namespaces" time="0.012" classname="IE 11.0.0 (Windows 10 0.0.0).namespaces"/>
    <testcase name="can include/exclude namespaces" time="0.012" classname="IE 11.0.0 (Windows 10 0.0.0).namespaces"/>
    <testcase name="should exist" time="0" classname="IE 11.0.0 (Windows 10 0.0.0).xslt"/>
    <testcase name="can do a simple transform" time="0.011" classname="IE 11.0.0 (Windows 10 0.0.0).xslt"/>
    <testcase name="can strip xml header" time="0.01" classname="IE 11.0.0 (Windows 10 0.0.0).xslt"/>
    <testcase name="can collapse empty tags" time="0.015" classname="IE 11.0.0 (Windows 10 0.0.0).xslt"/>
    <testcase name="can do cleanup as a separate step" time="0.013" classname="IE 11.0.0 (Windows 10 0.0.0).xslt"/>
    <testcase name="can preserve encoding" time="0.015" classname="IE 11.0.0 (Windows 10 0.0.0).xslt"/>
    <testcase name="throws on invalid xml" time="0.001" classname="IE 11.0.0 (Windows 10 0.0.0).xslt"/>
    <testcase name="throws on invalid xslt" time="0.001" classname="IE 11.0.0 (Windows 10 0.0.0).xslt"/>
    <system-out><![CDATA[
]]></system-out>
    <system-err/>
  </testsuite>
  <testsuite name="Chrome 46.0.2490 (Windows 10 0.0.0)" package="" timestamp="2015-11-20T21:23:30" id="0" hostname="homer-win" tests="13" errors="0" failures="0" time="0.179">
    <properties>
      <property name="browser.fullName" value="Mozilla/5.0 (Windows NT 10.0; Win64; x64) AppleWebKit/537.36 (KHTML, like Gecko) Chrome/46.0.2490.86 Safari/537.36"/>
    </properties>
    <testcase name="strips duplicate attributes" time="0.051" classname="Chrome 46.0.2490 (Windows 10 0.0.0).xslt"/>
    <testcase name="handles different quoting styles" time="0.017" classname="Chrome 46.0.2490 (Windows 10 0.0.0).xslt"/>
    <testcase name="should be applied to attributes" time="0.021" classname="Chrome 46.0.2490 (Windows 10 0.0.0).namespaces"/>
    <testcase name="removes redundant namespaces" time="0.016" classname="Chrome 46.0.2490 (Windows 10 0.0.0).namespaces"/>
    <testcase name="can include/exclude namespaces" time="0.009" classname="Chrome 46.0.2490 (Windows 10 0.0.0).namespaces"/>
    <testcase name="should exist" time="0" classname="Chrome 46.0.2490 (Windows 10 0.0.0).xslt"/>
    <testcase name="can do a simple transform" time="0.004" classname="Chrome 46.0.2490 (Windows 10 0.0.0).xslt"/>
    <testcase name="can strip xml header" time="0.007" classname="Chrome 46.0.2490 (Windows 10 0.0.0).xslt"/>
    <testcase name="can collapse empty tags" time="0.038" classname="Chrome 46.0.2490 (Windows 10 0.0.0).xslt"/>
    <testcase name="can do cleanup as a separate step" time="0.011" classname="Chrome 46.0.2490 (Windows 10 0.0.0).xslt"/>
    <testcase name="can preserve encoding" time="0.004" classname="Chrome 46.0.2490 (Windows 10 0.0.0).xslt"/>
    <testcase name="throws on invalid xml" time="0" classname="Chrome 46.0.2490 (Windows 10 0.0.0).xslt"/>
    <testcase name="throws on invalid xslt" time="0.001" classname="Chrome 46.0.2490 (Windows 10 0.0.0).xslt"/>
    <system-out><![CDATA[
]]></system-out>
    <system-err/>
  </testsuite>
  <testsuite name="Firefox 41.0.0 (Windows 10 0.0.0)" package="" timestamp="2015-11-20T21:23:32" id="0" hostname="homer-win" tests="13" errors="0" failures="0" time="0.068">
    <properties>
      <property name="browser.fullName" value="Mozilla/5.0 (Windows NT 10.0; WOW64; rv:41.0) Gecko/20100101 Firefox/41.0"/>
    </properties>
    <testcase name="strips duplicate attributes" time="0.019" classname="Firefox 41.0.0 (Windows 10 0.0.0).xslt"/>
    <testcase name="handles different quoting styles" time="0.005" classname="Firefox 41.0.0 (Windows 10 0.0.0).xslt"/>
    <testcase name="should be applied to attributes" time="0.009" classname="Firefox 41.0.0 (Windows 10 0.0.0).namespaces"/>
    <testcase name="removes redundant namespaces" time="0.007" classname="Firefox 41.0.0 (Windows 10 0.0.0).namespaces"/>
    <testcase name="can include/exclude namespaces" time="0.006" classname="Firefox 41.0.0 (Windows 10 0.0.0).namespaces"/>
    <testcase name="should exist" time="0" classname="Firefox 41.0.0 (Windows 10 0.0.0).xslt"/>
    <testcase name="can do a simple transform" time="0.006" classname="Firefox 41.0.0 (Windows 10 0.0.0).xslt"/>
    <testcase name="can strip xml header" time="0.003" classname="Firefox 41.0.0 (Windows 10 0.0.0).xslt"/>
    <testcase name="can collapse empty tags" time="0.004" classname="Firefox 41.0.0 (Windows 10 0.0.0).xslt"/>
    <testcase name="can do cleanup as a separate step" time="0.004" classname="Firefox 41.0.0 (Windows 10 0.0.0).xslt"/>
    <testcase name="can preserve encoding" time="0.004" classname="Firefox 41.0.0 (Windows 10 0.0.0).xslt"/>
    <testcase name="throws on invalid xml" time="0" classname="Firefox 41.0.0 (Windows 10 0.0.0).xslt"/>
    <testcase name="throws on invalid xslt" time="0.001" classname="Firefox 41.0.0 (Windows 10 0.0.0).xslt"/>
    <system-out><![CDATA[
]]></system-out>
    <system-err/>
  </testsuite>
</testsuites>
